{"C:\\Users\\sreen\\IdeaProjects\\expensemate\\frontend\\src\\App.jsx": {"path":"C:\\Users\\sreen\\IdeaProjects\\expensemate\\frontend\\src\\App.jsx","statementMap":{"0":{"start":{"line":14,"column":4},"end":{"line":75,"column":null}}},"fnMap":{"0":{"name":"App","decl":{"start":{"line":13,"column":9},"end":{"line":13,"column":15}},"loc":{"start":{"line":13,"column":15},"end":{"line":77,"column":null}},"line":13}},"branchMap":{},"s":{"0":2},"f":{"0":2},"b":{},"meta":{"lastBranch":0,"lastFunction":1,"lastStatement":1,"seen":{"f:13:9:13:15":0,"s:14:4:75:Infinity":0},"fnNames":{}}}
,"C:\\Users\\sreen\\IdeaProjects\\expensemate\\frontend\\src\\components\\common\\ApiErrorState.jsx": {"path":"C:\\Users\\sreen\\IdeaProjects\\expensemate\\frontend\\src\\components\\common\\ApiErrorState.jsx","statementMap":{"0":{"start":{"line":13,"column":4},"end":{"line":42,"column":null}}},"fnMap":{"0":{"name":"ApiErrorState","decl":{"start":{"line":8,"column":16},"end":{"line":8,"column":30}},"loc":{"start":{"line":12,"column":33},"end":{"line":44,"column":null}},"line":12}},"branchMap":{"0":{"loc":{"start":{"line":9,"column":34},"end":{"line":9,"column":null}},"type":"default-arg","locations":[{"start":{"line":9,"column":42},"end":{"line":9,"column":null}}],"line":9},"1":{"loc":{"start":{"line":10,"column":34},"end":{"line":10,"column":null}},"type":"default-arg","locations":[{"start":{"line":10,"column":48},"end":{"line":10,"column":null}}],"line":10},"2":{"loc":{"start":{"line":31,"column":17},"end":{"line":39,"column":null}},"type":"binary-expr","locations":[{"start":{"line":31,"column":17},"end":{"line":31,"column":null}},{"start":{"line":32,"column":20},"end":{"line":39,"column":null}}],"line":31}},"s":{"0":1},"f":{"0":1},"b":{"0":[1],"1":[1],"2":[1,1]},"meta":{"lastBranch":3,"lastFunction":1,"lastStatement":1,"seen":{"f:8:16:8:30":0,"b:9:42:9:Infinity":0,"b:10:48:10:Infinity":1,"s:13:4:42:Infinity":0,"b:31:17:31:Infinity:32:20:39:Infinity":2},"fnNames":{}}}
,"C:\\Users\\sreen\\IdeaProjects\\expensemate\\frontend\\src\\components\\common\\Button.jsx": {"path":"C:\\Users\\sreen\\IdeaProjects\\expensemate\\frontend\\src\\components\\common\\Button.jsx","statementMap":{"0":{"start":{"line":5,"column":23},"end":{"line":17,"column":null}},"1":{"start":{"line":19,"column":20},"end":{"line":23,"column":null}},"2":{"start":{"line":36,"column":8},"end":{"line":36,"column":null}},"3":{"start":{"line":38,"column":4},"end":{"line":59,"column":null}}},"fnMap":{"0":{"name":"Button","decl":{"start":{"line":25,"column":16},"end":{"line":25,"column":23}},"loc":{"start":{"line":34,"column":26},"end":{"line":61,"column":null}},"line":34}},"branchMap":{"0":{"loc":{"start":{"line":27,"column":27},"end":{"line":27,"column":null}},"type":"default-arg","locations":[{"start":{"line":27,"column":34},"end":{"line":27,"column":null}}],"line":27},"1":{"loc":{"start":{"line":28,"column":27},"end":{"line":28,"column":null}},"type":"default-arg","locations":[{"start":{"line":28,"column":37},"end":{"line":28,"column":null}}],"line":28},"2":{"loc":{"start":{"line":29,"column":27},"end":{"line":29,"column":null}},"type":"default-arg","locations":[{"start":{"line":29,"column":34},"end":{"line":29,"column":null}}],"line":29},"3":{"loc":{"start":{"line":30,"column":27},"end":{"line":30,"column":null}},"type":"default-arg","locations":[{"start":{"line":30,"column":37},"end":{"line":30,"column":null}}],"line":30},"4":{"loc":{"start":{"line":31,"column":27},"end":{"line":31,"column":null}},"type":"default-arg","locations":[{"start":{"line":31,"column":38},"end":{"line":31,"column":null}}],"line":31},"5":{"loc":{"start":{"line":36,"column":8},"end":{"line":36,"column":null}},"type":"binary-expr","locations":[{"start":{"line":36,"column":8},"end":{"line":36,"column":20}},{"start":{"line":36,"column":20},"end":{"line":36,"column":null}}],"line":36},"6":{"loc":{"start":{"line":50,"column":13},"end":{"line":58,"column":null}},"type":"binary-expr","locations":[{"start":{"line":50,"column":13},"end":{"line":50,"column":null}},{"start":{"line":51,"column":16},"end":{"line":58,"column":null}}],"line":50}},"s":{"0":1,"1":1,"2":4,"3":4},"f":{"0":4},"b":{"0":[4],"1":[4],"2":[4],"3":[4],"4":[4],"5":[4,4],"6":[4,1]},"meta":{"lastBranch":7,"lastFunction":1,"lastStatement":4,"seen":{"s:5:23:17:Infinity":0,"s:19:20:23:Infinity":1,"f:25:16:25:23":0,"b:27:34:27:Infinity":0,"b:28:37:28:Infinity":1,"b:29:34:29:Infinity":2,"b:30:37:30:Infinity":3,"b:31:38:31:Infinity":4,"s:36:8:36:Infinity":2,"b:36:8:36:20:36:20:36:Infinity":5,"s:38:4:59:Infinity":3,"b:50:13:50:Infinity:51:16:58:Infinity":6},"fnNames":{}}}
,"C:\\Users\\sreen\\IdeaProjects\\expensemate\\frontend\\src\\components\\common\\EmptyState.jsx": {"path":"C:\\Users\\sreen\\IdeaProjects\\expensemate\\frontend\\src\\components\\common\\EmptyState.jsx","statementMap":{"0":{"start":{"line":12,"column":4},"end":{"line":36,"column":null}}},"fnMap":{"0":{"name":"EmptyState","decl":{"start":{"line":5,"column":16},"end":{"line":5,"column":27}},"loc":{"start":{"line":11,"column":30},"end":{"line":38,"column":null}},"line":11}},"branchMap":{"0":{"loc":{"start":{"line":6,"column":37},"end":{"line":6,"column":null}},"type":"default-arg","locations":[{"start":{"line":6,"column":44},"end":{"line":6,"column":null}}],"line":6},"1":{"loc":{"start":{"line":7,"column":31},"end":{"line":7,"column":null}},"type":"default-arg","locations":[{"start":{"line":7,"column":39},"end":{"line":7,"column":null}}],"line":7},"2":{"loc":{"start":{"line":8,"column":31},"end":{"line":8,"column":null}},"type":"default-arg","locations":[{"start":{"line":8,"column":45},"end":{"line":8,"column":null}}],"line":8},"3":{"loc":{"start":{"line":27,"column":17},"end":{"line":33,"column":null}},"type":"binary-expr","locations":[{"start":{"line":27,"column":17},"end":{"line":27,"column":32}},{"start":{"line":27,"column":32},"end":{"line":27,"column":null}},{"start":{"line":28,"column":20},"end":{"line":33,"column":null}}],"line":27}},"s":{"0":1},"f":{"0":1},"b":{"0":[1],"1":[1],"2":[1],"3":[1,1,1]},"meta":{"lastBranch":4,"lastFunction":1,"lastStatement":1,"seen":{"f:5:16:5:27":0,"b:6:44:6:Infinity":0,"b:7:39:7:Infinity":1,"b:8:45:8:Infinity":2,"s:12:4:36:Infinity":0,"b:27:17:27:32:27:32:27:Infinity:28:20:33:Infinity":3},"fnNames":{}}}
,"C:\\Users\\sreen\\IdeaProjects\\expensemate\\frontend\\src\\components\\common\\ErrorBoundary.jsx": {"path":"C:\\Users\\sreen\\IdeaProjects\\expensemate\\frontend\\src\\components\\common\\ErrorBoundary.jsx","statementMap":{"0":{"start":{"line":29,"column":4},"end":{"line":33,"column":null}},"1":{"start":{"line":35,"column":4},"end":{"line":37,"column":null}},"2":{"start":{"line":6,"column":8},"end":{"line":6,"column":null}},"3":{"start":{"line":8,"column":8},"end":{"line":10,"column":null}},"4":{"start":{"line":14,"column":8},"end":{"line":16,"column":null}},"5":{"start":{"line":20,"column":8},"end":{"line":26,"column":null}},"6":{"start":{"line":21,"column":12},"end":{"line":25,"column":null}},"7":{"start":{"line":30,"column":8},"end":{"line":32,"column":null}},"8":{"start":{"line":36,"column":8},"end":{"line":36,"column":null}},"9":{"start":{"line":40,"column":8},"end":{"line":42,"column":null}},"10":{"start":{"line":41,"column":12},"end":{"line":41,"column":null}},"11":{"start":{"line":44,"column":8},"end":{"line":94,"column":null}}},"fnMap":{"0":{"name":"constructor","decl":{"start":{"line":5,"column":4},"end":{"line":5,"column":16}},"loc":{"start":{"line":5,"column":23},"end":{"line":11,"column":null}},"line":5},"1":{"name":"getDerivedStateFromError","decl":{"start":{"line":13,"column":11},"end":{"line":13,"column":38}},"loc":{"start":{"line":13,"column":38},"end":{"line":17,"column":null}},"line":13},"2":{"name":"componentDidCatch","decl":{"start":{"line":19,"column":4},"end":{"line":19,"column":22}},"loc":{"start":{"line":19,"column":40},"end":{"line":27,"column":null}},"line":19},"3":{"name":"(anonymous_3)","decl":{"start":{"line":29,"column":4},"end":{"line":29,"column":24}},"loc":{"start":{"line":29,"column":24},"end":{"line":33,"column":null}},"line":29},"4":{"name":"(anonymous_4)","decl":{"start":{"line":35,"column":4},"end":{"line":35,"column":23}},"loc":{"start":{"line":35,"column":23},"end":{"line":37,"column":null}},"line":35},"5":{"name":"render","decl":{"start":{"line":39,"column":4},"end":{"line":39,"column":13}},"loc":{"start":{"line":39,"column":13},"end":{"line":96,"column":null}},"line":39}},"branchMap":{"0":{"loc":{"start":{"line":20,"column":8},"end":{"line":26,"column":null}},"type":"if","locations":[{"start":{"line":20,"column":8},"end":{"line":26,"column":null}},{"start":{},"end":{}}],"line":20},"1":{"loc":{"start":{"line":40,"column":8},"end":{"line":42,"column":null}},"type":"if","locations":[{"start":{"line":40,"column":8},"end":{"line":42,"column":null}},{"start":{},"end":{}}],"line":40}},"s":{"0":0,"1":0,"2":2,"3":2,"4":0,"5":0,"6":0,"7":0,"8":0,"9":2,"10":2,"11":0},"f":{"0":2,"1":1,"2":0,"3":0,"4":0,"5":2},"b":{"0":[0,0],"1":[2,0]},"meta":{"lastBranch":2,"lastFunction":6,"lastStatement":12,"seen":{"s:29:4:33:Infinity":0,"s:35:4:37:Infinity":1,"f:5:4:5:16":0,"s:6:8:6:Infinity":2,"s:8:8:10:Infinity":3,"f:13:11:13:38":1,"s:14:8:16:Infinity":4,"f:19:4:19:22":2,"b:20:8:26:Infinity:undefined:undefined:undefined:undefined":0,"s:20:8:26:Infinity":5,"s:21:12:25:Infinity":6,"f:29:4:29:24":3,"s:30:8:32:Infinity":7,"f:35:4:35:23":4,"s:36:8:36:Infinity":8,"f:39:4:39:13":5,"b:40:8:42:Infinity:undefined:undefined:undefined:undefined":1,"s:40:8:42:Infinity":9,"s:41:12:41:Infinity":10,"s:44:8:94:Infinity":11},"fnNames":{}}}
,"C:\\Users\\sreen\\IdeaProjects\\expensemate\\frontend\\src\\components\\common\\Input.jsx": {"path":"C:\\Users\\sreen\\IdeaProjects\\expensemate\\frontend\\src\\components\\common\\Input.jsx","statementMap":{"0":{"start":{"line":8,"column":21},"end":{"line":106,"column":null}},"1":{"start":{"line":22,"column":28},"end":{"line":22,"column":34}},"2":{"start":{"line":25,"column":12},"end":{"line":25,"column":null}},"3":{"start":{"line":28,"column":12},"end":{"line":28,"column":null}},"4":{"start":{"line":31,"column":12},"end":{"line":31,"column":null}},"5":{"start":{"line":33,"column":28},"end":{"line":38,"column":null}},"6":{"start":{"line":40,"column":8},"end":{"line":103,"column":null}}},"fnMap":{"0":{"name":"Input","decl":{"start":{"line":9,"column":13},"end":{"line":9,"column":null}},"loc":{"start":{"line":21,"column":6},"end":{"line":105,"column":null}},"line":21}},"branchMap":{"0":{"loc":{"start":{"line":17,"column":12},"end":{"line":17,"column":null}},"type":"default-arg","locations":[{"start":{"line":17,"column":23},"end":{"line":17,"column":null}}],"line":17},"1":{"loc":{"start":{"line":25,"column":12},"end":{"line":25,"column":null}},"type":"binary-expr","locations":[{"start":{"line":25,"column":12},"end":{"line":25,"column":18}},{"start":{"line":25,"column":18},"end":{"line":25,"column":null}}],"line":25},"2":{"loc":{"start":{"line":33,"column":28},"end":{"line":38,"column":null}},"type":"binary-expr","locations":[{"start":{"line":33,"column":28},"end":{"line":38,"column":26}},{"start":{"line":38,"column":26},"end":{"line":38,"column":null}}],"line":33},"3":{"loc":{"start":{"line":34,"column":12},"end":{"line":34,"column":null}},"type":"cond-expr","locations":[{"start":{"line":34,"column":20},"end":{"line":34,"column":30}},{"start":{"line":34,"column":30},"end":{"line":34,"column":null}}],"line":34},"4":{"loc":{"start":{"line":35,"column":12},"end":{"line":35,"column":null}},"type":"cond-expr","locations":[{"start":{"line":35,"column":25},"end":{"line":35,"column":36}},{"start":{"line":35,"column":36},"end":{"line":35,"column":null}}],"line":35},"5":{"loc":{"start":{"line":47,"column":17},"end":{"line":62,"column":null}},"type":"binary-expr","locations":[{"start":{"line":47,"column":17},"end":{"line":47,"column":null}},{"start":{"line":48,"column":20},"end":{"line":62,"column":null}}],"line":47},"6":{"loc":{"start":{"line":54,"column":25},"end":{"line":62,"column":null}},"type":"binary-expr","locations":[{"start":{"line":54,"column":25},"end":{"line":54,"column":null}},{"start":{"line":55,"column":28},"end":{"line":62,"column":null}}],"line":54},"7":{"loc":{"start":{"line":70,"column":24},"end":{"line":70,"column":null}},"type":"cond-expr","locations":[{"start":{"line":70,"column":32},"end":{"line":70,"column":41}},{"start":{"line":70,"column":41},"end":{"line":70,"column":null}}],"line":70},"8":{"loc":{"start":{"line":77,"column":24},"end":{"line":79,"column":null}},"type":"cond-expr","locations":[{"start":{"line":78,"column":30},"end":{"line":78,"column":null}},{"start":{"line":79,"column":30},"end":{"line":79,"column":null}}],"line":77},"9":{"loc":{"start":{"line":85,"column":17},"end":{"line":91,"column":null}},"type":"binary-expr","locations":[{"start":{"line":85,"column":17},"end":{"line":85,"column":null}},{"start":{"line":86,"column":20},"end":{"line":91,"column":null}}],"line":85},"10":{"loc":{"start":{"line":94,"column":17},"end":{"line":101,"column":null}},"type":"binary-expr","locations":[{"start":{"line":94,"column":17},"end":{"line":94,"column":null}},{"start":{"line":95,"column":20},"end":{"line":101,"column":null}}],"line":94}},"s":{"0":1,"1":2,"2":2,"3":2,"4":2,"5":2,"6":2},"f":{"0":2},"b":{"0":[2],"1":[2,2],"2":[2,1],"3":[1,1],"4":[0,2],"5":[2,2],"6":[2,0],"7":[1,1],"8":[1,1],"9":[2,0],"10":[2,1]},"meta":{"lastBranch":11,"lastFunction":1,"lastStatement":7,"seen":{"s:8:21:106:Infinity":0,"f:9:13:9:Infinity":0,"b:17:23:17:Infinity":0,"s:22:28:22:34":1,"s:25:12:25:Infinity":2,"b:25:12:25:18:25:18:25:Infinity":1,"s:28:12:28:Infinity":3,"s:31:12:31:Infinity":4,"s:33:28:38:Infinity":5,"b:33:28:38:26:38:26:38:Infinity":2,"b:34:20:34:30:34:30:34:Infinity":3,"b:35:25:35:36:35:36:35:Infinity":4,"s:40:8:103:Infinity":6,"b:47:17:47:Infinity:48:20:62:Infinity":5,"b:54:25:54:Infinity:55:28:62:Infinity":6,"b:70:32:70:41:70:41:70:Infinity":7,"b:78:30:78:Infinity:79:30:79:Infinity":8,"b:85:17:85:Infinity:86:20:91:Infinity":9,"b:94:17:94:Infinity:95:20:101:Infinity":10},"fnNames":{}}}
,"C:\\Users\\sreen\\IdeaProjects\\expensemate\\frontend\\src\\components\\common\\PageLoader.jsx": {"path":"C:\\Users\\sreen\\IdeaProjects\\expensemate\\frontend\\src\\components\\common\\PageLoader.jsx","statementMap":{"0":{"start":{"line":6,"column":4},"end":{"line":28,"column":null}}},"fnMap":{"0":{"name":"PageLoader","decl":{"start":{"line":3,"column":16},"end":{"line":3,"column":27}},"loc":{"start":{"line":5,"column":30},"end":{"line":30,"column":null}},"line":5}},"branchMap":{"0":{"loc":{"start":{"line":4,"column":31},"end":{"line":4,"column":null}},"type":"default-arg","locations":[{"start":{"line":4,"column":41},"end":{"line":4,"column":null}}],"line":4}},"s":{"0":1},"f":{"0":1},"b":{"0":[1]},"meta":{"lastBranch":1,"lastFunction":1,"lastStatement":1,"seen":{"f:3:16:3:27":0,"b:4:41:4:Infinity":0,"s:6:4:28:Infinity":0},"fnNames":{}}}
,"C:\\Users\\sreen\\IdeaProjects\\expensemate\\frontend\\src\\components\\common\\Select.jsx": {"path":"C:\\Users\\sreen\\IdeaProjects\\expensemate\\frontend\\src\\components\\common\\Select.jsx","statementMap":{"0":{"start":{"line":9,"column":22},"end":{"line":118,"column":null}},"1":{"start":{"line":24,"column":28},"end":{"line":24,"column":34}},"2":{"start":{"line":27,"column":12},"end":{"line":27,"column":null}},"3":{"start":{"line":30,"column":12},"end":{"line":30,"column":null}},"4":{"start":{"line":33,"column":12},"end":{"line":33,"column":null}},"5":{"start":{"line":35,"column":28},"end":{"line":40,"column":null}},"6":{"start":{"line":42,"column":8},"end":{"line":115,"column":null}}},"fnMap":{"0":{"name":"Select","decl":{"start":{"line":10,"column":13},"end":{"line":10,"column":null}},"loc":{"start":{"line":23,"column":6},"end":{"line":117,"column":null}},"line":23}},"branchMap":{"0":{"loc":{"start":{"line":19,"column":12},"end":{"line":19,"column":null}},"type":"default-arg","locations":[{"start":{"line":19,"column":23},"end":{"line":19,"column":null}}],"line":19},"1":{"loc":{"start":{"line":27,"column":12},"end":{"line":27,"column":null}},"type":"binary-expr","locations":[{"start":{"line":27,"column":12},"end":{"line":27,"column":18}},{"start":{"line":27,"column":18},"end":{"line":27,"column":null}}],"line":27},"2":{"loc":{"start":{"line":35,"column":28},"end":{"line":40,"column":null}},"type":"binary-expr","locations":[{"start":{"line":35,"column":28},"end":{"line":40,"column":26}},{"start":{"line":40,"column":26},"end":{"line":40,"column":null}}],"line":35},"3":{"loc":{"start":{"line":36,"column":12},"end":{"line":36,"column":null}},"type":"cond-expr","locations":[{"start":{"line":36,"column":20},"end":{"line":36,"column":30}},{"start":{"line":36,"column":30},"end":{"line":36,"column":null}}],"line":36},"4":{"loc":{"start":{"line":37,"column":12},"end":{"line":37,"column":null}},"type":"cond-expr","locations":[{"start":{"line":37,"column":25},"end":{"line":37,"column":36}},{"start":{"line":37,"column":36},"end":{"line":37,"column":null}}],"line":37},"5":{"loc":{"start":{"line":49,"column":17},"end":{"line":64,"column":null}},"type":"binary-expr","locations":[{"start":{"line":49,"column":17},"end":{"line":49,"column":null}},{"start":{"line":50,"column":20},"end":{"line":64,"column":null}}],"line":49},"6":{"loc":{"start":{"line":56,"column":25},"end":{"line":64,"column":null}},"type":"binary-expr","locations":[{"start":{"line":56,"column":25},"end":{"line":56,"column":null}},{"start":{"line":57,"column":28},"end":{"line":64,"column":null}}],"line":56},"7":{"loc":{"start":{"line":73,"column":28},"end":{"line":73,"column":null}},"type":"cond-expr","locations":[{"start":{"line":73,"column":36},"end":{"line":73,"column":45}},{"start":{"line":73,"column":45},"end":{"line":73,"column":null}}],"line":73},"8":{"loc":{"start":{"line":80,"column":28},"end":{"line":82,"column":null}},"type":"cond-expr","locations":[{"start":{"line":81,"column":34},"end":{"line":81,"column":null}},{"start":{"line":82,"column":34},"end":{"line":82,"column":null}}],"line":80},"9":{"loc":{"start":{"line":97,"column":17},"end":{"line":103,"column":null}},"type":"binary-expr","locations":[{"start":{"line":97,"column":17},"end":{"line":97,"column":null}},{"start":{"line":98,"column":20},"end":{"line":103,"column":null}}],"line":97},"10":{"loc":{"start":{"line":106,"column":17},"end":{"line":113,"column":null}},"type":"binary-expr","locations":[{"start":{"line":106,"column":17},"end":{"line":106,"column":null}},{"start":{"line":107,"column":20},"end":{"line":113,"column":null}}],"line":106}},"s":{"0":1,"1":1,"2":1,"3":1,"4":1,"5":1,"6":1},"f":{"0":1},"b":{"0":[1],"1":[1,1],"2":[1,1],"3":[0,1],"4":[0,1],"5":[1,1],"6":[1,0],"7":[0,1],"8":[0,1],"9":[1,0],"10":[1,0]},"meta":{"lastBranch":11,"lastFunction":1,"lastStatement":7,"seen":{"s:9:22:118:Infinity":0,"f:10:13:10:Infinity":0,"b:19:23:19:Infinity":0,"s:24:28:24:34":1,"s:27:12:27:Infinity":2,"b:27:12:27:18:27:18:27:Infinity":1,"s:30:12:30:Infinity":3,"s:33:12:33:Infinity":4,"s:35:28:40:Infinity":5,"b:35:28:40:26:40:26:40:Infinity":2,"b:36:20:36:30:36:30:36:Infinity":3,"b:37:25:37:36:37:36:37:Infinity":4,"s:42:8:115:Infinity":6,"b:49:17:49:Infinity:50:20:64:Infinity":5,"b:56:25:56:Infinity:57:28:64:Infinity":6,"b:73:36:73:45:73:45:73:Infinity":7,"b:81:34:81:Infinity:82:34:82:Infinity":8,"b:97:17:97:Infinity:98:20:103:Infinity":9,"b:106:17:106:Infinity:107:20:113:Infinity":10},"fnNames":{}}}
,"C:\\Users\\sreen\\IdeaProjects\\expensemate\\frontend\\src\\components\\common\\ServerStatusBanner.jsx": {"path":"C:\\Users\\sreen\\IdeaProjects\\expensemate\\frontend\\src\\components\\common\\ServerStatusBanner.jsx","statementMap":{"0":{"start":{"line":13,"column":4},"end":{"line":18,"column":null}},"1":{"start":{"line":17,"column":8},"end":{"line":17,"column":null}},"2":{"start":{"line":21,"column":8},"end":{"line":21,"column":null}},"3":{"start":{"line":23,"column":4},"end":{"line":57,"column":null}}},"fnMap":{"0":{"name":"ServerStatusBanner","decl":{"start":{"line":9,"column":16},"end":{"line":9,"column":35}},"loc":{"start":{"line":12,"column":38},"end":{"line":59,"column":null}},"line":12}},"branchMap":{"0":{"loc":{"start":{"line":13,"column":4},"end":{"line":18,"column":null}},"type":"if","locations":[{"start":{"line":13,"column":4},"end":{"line":18,"column":null}},{"start":{},"end":{}}],"line":13},"1":{"loc":{"start":{"line":14,"column":8},"end":{"line":15,"column":null}},"type":"binary-expr","locations":[{"start":{"line":14,"column":8},"end":{"line":14,"column":null}},{"start":{"line":15,"column":8},"end":{"line":15,"column":null}}],"line":14},"2":{"loc":{"start":{"line":27,"column":16},"end":{"line":29,"column":null}},"type":"cond-expr","locations":[{"start":{"line":28,"column":22},"end":{"line":28,"column":null}},{"start":{"line":29,"column":22},"end":{"line":29,"column":null}}],"line":27},"3":{"loc":{"start":{"line":32,"column":13},"end":{"line":38,"column":null}},"type":"cond-expr","locations":[{"start":{"line":33,"column":16},"end":{"line":38,"column":17}},{"start":{"line":38,"column":16},"end":{"line":38,"column":null}}],"line":32},"4":{"loc":{"start":{"line":42,"column":17},"end":{"line":44,"column":null}},"type":"cond-expr","locations":[{"start":{"line":43,"column":22},"end":{"line":43,"column":null}},{"start":{"line":44,"column":22},"end":{"line":44,"column":null}}],"line":42},"5":{"loc":{"start":{"line":47,"column":13},"end":{"line":55,"column":null}},"type":"binary-expr","locations":[{"start":{"line":47,"column":13},"end":{"line":47,"column":null}},{"start":{"line":48,"column":16},"end":{"line":55,"column":null}}],"line":47}},"s":{"0":2,"1":2,"2":0,"3":0},"f":{"0":2},"b":{"0":[2,0],"1":[2,1],"2":[0,0],"3":[0,0],"4":[0,0],"5":[2,0]},"meta":{"lastBranch":6,"lastFunction":1,"lastStatement":4,"seen":{"f:9:16:9:35":0,"b:13:4:18:Infinity:undefined:undefined:undefined:undefined":0,"s:13:4:18:Infinity":0,"b:14:8:14:Infinity:15:8:15:Infinity":1,"s:17:8:17:Infinity":1,"s:21:8:21:Infinity":2,"s:23:4:57:Infinity":3,"b:28:22:28:Infinity:29:22:29:Infinity":2,"b:33:16:38:17:38:16:38:Infinity":3,"b:43:22:43:Infinity:44:22:44:Infinity":4,"b:47:13:47:Infinity:48:16:55:Infinity":5},"fnNames":{}}}
,"C:\\Users\\sreen\\IdeaProjects\\expensemate\\frontend\\src\\components\\common\\Textarea.jsx": {"path":"C:\\Users\\sreen\\IdeaProjects\\expensemate\\frontend\\src\\components\\common\\Textarea.jsx","statementMap":{"0":{"start":{"line":8,"column":24},"end":{"line":108,"column":null}},"1":{"start":{"line":23,"column":28},"end":{"line":23,"column":34}},"2":{"start":{"line":26,"column":12},"end":{"line":26,"column":null}},"3":{"start":{"line":29,"column":12},"end":{"line":29,"column":null}},"4":{"start":{"line":32,"column":12},"end":{"line":32,"column":null}},"5":{"start":{"line":34,"column":28},"end":{"line":39,"column":null}},"6":{"start":{"line":41,"column":8},"end":{"line":105,"column":null}}},"fnMap":{"0":{"name":"Textarea","decl":{"start":{"line":9,"column":13},"end":{"line":9,"column":null}},"loc":{"start":{"line":22,"column":6},"end":{"line":107,"column":null}},"line":22}},"branchMap":{"0":{"loc":{"start":{"line":17,"column":12},"end":{"line":17,"column":null}},"type":"default-arg","locations":[{"start":{"line":17,"column":23},"end":{"line":17,"column":null}}],"line":17},"1":{"loc":{"start":{"line":18,"column":12},"end":{"line":18,"column":null}},"type":"default-arg","locations":[{"start":{"line":18,"column":19},"end":{"line":18,"column":null}}],"line":18},"2":{"loc":{"start":{"line":26,"column":12},"end":{"line":26,"column":null}},"type":"binary-expr","locations":[{"start":{"line":26,"column":12},"end":{"line":26,"column":18}},{"start":{"line":26,"column":18},"end":{"line":26,"column":null}}],"line":26},"3":{"loc":{"start":{"line":34,"column":28},"end":{"line":39,"column":null}},"type":"binary-expr","locations":[{"start":{"line":34,"column":28},"end":{"line":39,"column":26}},{"start":{"line":39,"column":26},"end":{"line":39,"column":null}}],"line":34},"4":{"loc":{"start":{"line":35,"column":12},"end":{"line":35,"column":null}},"type":"cond-expr","locations":[{"start":{"line":35,"column":20},"end":{"line":35,"column":30}},{"start":{"line":35,"column":30},"end":{"line":35,"column":null}}],"line":35},"5":{"loc":{"start":{"line":36,"column":12},"end":{"line":36,"column":null}},"type":"cond-expr","locations":[{"start":{"line":36,"column":25},"end":{"line":36,"column":36}},{"start":{"line":36,"column":36},"end":{"line":36,"column":null}}],"line":36},"6":{"loc":{"start":{"line":48,"column":17},"end":{"line":63,"column":null}},"type":"binary-expr","locations":[{"start":{"line":48,"column":17},"end":{"line":48,"column":null}},{"start":{"line":49,"column":20},"end":{"line":63,"column":null}}],"line":48},"7":{"loc":{"start":{"line":55,"column":25},"end":{"line":63,"column":null}},"type":"binary-expr","locations":[{"start":{"line":55,"column":25},"end":{"line":55,"column":null}},{"start":{"line":56,"column":28},"end":{"line":63,"column":null}}],"line":55},"8":{"loc":{"start":{"line":72,"column":24},"end":{"line":72,"column":null}},"type":"cond-expr","locations":[{"start":{"line":72,"column":32},"end":{"line":72,"column":41}},{"start":{"line":72,"column":41},"end":{"line":72,"column":null}}],"line":72},"9":{"loc":{"start":{"line":79,"column":24},"end":{"line":81,"column":null}},"type":"cond-expr","locations":[{"start":{"line":80,"column":30},"end":{"line":80,"column":null}},{"start":{"line":81,"column":30},"end":{"line":81,"column":null}}],"line":79},"10":{"loc":{"start":{"line":87,"column":17},"end":{"line":93,"column":null}},"type":"binary-expr","locations":[{"start":{"line":87,"column":17},"end":{"line":87,"column":null}},{"start":{"line":88,"column":20},"end":{"line":93,"column":null}}],"line":87},"11":{"loc":{"start":{"line":96,"column":17},"end":{"line":103,"column":null}},"type":"binary-expr","locations":[{"start":{"line":96,"column":17},"end":{"line":96,"column":null}},{"start":{"line":97,"column":20},"end":{"line":103,"column":null}}],"line":96}},"s":{"0":1,"1":1,"2":1,"3":1,"4":1,"5":1,"6":1},"f":{"0":1},"b":{"0":[1],"1":[1],"2":[1,1],"3":[1,1],"4":[0,1],"5":[0,1],"6":[1,1],"7":[1,0],"8":[0,1],"9":[0,1],"10":[1,0],"11":[1,0]},"meta":{"lastBranch":12,"lastFunction":1,"lastStatement":7,"seen":{"s:8:24:108:Infinity":0,"f:9:13:9:Infinity":0,"b:17:23:17:Infinity":0,"b:18:19:18:Infinity":1,"s:23:28:23:34":1,"s:26:12:26:Infinity":2,"b:26:12:26:18:26:18:26:Infinity":2,"s:29:12:29:Infinity":3,"s:32:12:32:Infinity":4,"s:34:28:39:Infinity":5,"b:34:28:39:26:39:26:39:Infinity":3,"b:35:20:35:30:35:30:35:Infinity":4,"b:36:25:36:36:36:36:36:Infinity":5,"s:41:8:105:Infinity":6,"b:48:17:48:Infinity:49:20:63:Infinity":6,"b:55:25:55:Infinity:56:28:63:Infinity":7,"b:72:32:72:41:72:41:72:Infinity":8,"b:80:30:80:Infinity:81:30:81:Infinity":9,"b:87:17:87:Infinity:88:20:93:Infinity":10,"b:96:17:96:Infinity:97:20:103:Infinity":11},"fnNames":{}}}
,"C:\\Users\\sreen\\IdeaProjects\\expensemate\\frontend\\src\\components\\layout\\DashboardShell.jsx": {"path":"C:\\Users\\sreen\\IdeaProjects\\expensemate\\frontend\\src\\components\\layout\\DashboardShell.jsx","statementMap":{"0":{"start":{"line":11,"column":35},"end":{"line":11,"column":41}},"1":{"start":{"line":16,"column":8},"end":{"line":16,"column":24}},"2":{"start":{"line":18,"column":4},"end":{"line":41,"column":null}}},"fnMap":{"0":{"name":"DashboardShell","decl":{"start":{"line":10,"column":16},"end":{"line":10,"column":33}},"loc":{"start":{"line":10,"column":33},"end":{"line":43,"column":null}},"line":10}},"branchMap":{"0":{"loc":{"start":{"line":25,"column":20},"end":{"line":27,"column":null}},"type":"cond-expr","locations":[{"start":{"line":26,"column":26},"end":{"line":26,"column":null}},{"start":{"line":27,"column":26},"end":{"line":27,"column":null}}],"line":25}},"s":{"0":2,"1":2,"2":2},"f":{"0":2},"b":{"0":[0,2]},"meta":{"lastBranch":1,"lastFunction":1,"lastStatement":3,"seen":{"f:10:16:10:33":0,"s:11:35:11:41":0,"s:16:8:16:24":1,"s:18:4:41:Infinity":2,"b:26:26:26:Infinity:27:26:27:Infinity":0},"fnNames":{}}}
,"C:\\Users\\sreen\\IdeaProjects\\expensemate\\frontend\\src\\components\\layout\\Header.jsx": {"path":"C:\\Users\\sreen\\IdeaProjects\\expensemate\\frontend\\src\\components\\layout\\Header.jsx","statementMap":{"0":{"start":{"line":10,"column":28},"end":{"line":10,"column":34}},"1":{"start":{"line":12,"column":4},"end":{"line":65,"column":null}}},"fnMap":{"0":{"name":"Header","decl":{"start":{"line":9,"column":16},"end":{"line":9,"column":25}},"loc":{"start":{"line":9,"column":25},"end":{"line":67,"column":null}},"line":9}},"branchMap":{},"s":{"0":2,"1":2},"f":{"0":2},"b":{},"meta":{"lastBranch":0,"lastFunction":1,"lastStatement":2,"seen":{"f:9:16:9:25":0,"s:10:28:10:34":0,"s:12:4:65:Infinity":1},"fnNames":{}}}
,"C:\\Users\\sreen\\IdeaProjects\\expensemate\\frontend\\src\\components\\layout\\Sidebar.jsx": {"path":"C:\\Users\\sreen\\IdeaProjects\\expensemate\\frontend\\src\\components\\layout\\Sidebar.jsx","statementMap":{"0":{"start":{"line":19,"column":24},"end":{"line":55,"column":null}},"1":{"start":{"line":63,"column":8},"end":{"line":63,"column":14}},"2":{"start":{"line":65,"column":4},"end":{"line":174,"column":null}},"3":{"start":{"line":122,"column":37},"end":{"line":122,"column":null}},"4":{"start":{"line":124,"column":24},"end":{"line":148,"column":null}},"5":{"start":{"line":130,"column":36},"end":{"line":137,"column":null}}},"fnMap":{"0":{"name":"Sidebar","decl":{"start":{"line":57,"column":16},"end":{"line":57,"column":26}},"loc":{"start":{"line":57,"column":26},"end":{"line":176,"column":null}},"line":57},"1":{"name":"(anonymous_1)","decl":{"start":{"line":121,"column":37},"end":{"line":121,"column":42}},"loc":{"start":{"line":121,"column":51},"end":{"line":150,"column":21}},"line":121},"2":{"name":"(anonymous_2)","decl":{"start":{"line":129,"column":32},"end":{"line":129,"column":44}},"loc":{"start":{"line":130,"column":36},"end":{"line":137,"column":null}},"line":130}},"branchMap":{"0":{"loc":{"start":{"line":67,"column":13},"end":{"line":76,"column":13}},"type":"binary-expr","locations":[{"start":{"line":67,"column":13},"end":{"line":67,"column":null}},{"start":{"line":68,"column":16},"end":{"line":76,"column":13}}],"line":67},"1":{"loc":{"start":{"line":79,"column":20},"end":{"line":81,"column":null}},"type":"cond-expr","locations":[{"start":{"line":80,"column":26},"end":{"line":80,"column":null}},{"start":{"line":81,"column":26},"end":{"line":81,"column":null}}],"line":79},"2":{"loc":{"start":{"line":82,"column":20},"end":{"line":84,"column":null}},"type":"cond-expr","locations":[{"start":{"line":83,"column":26},"end":{"line":83,"column":null}},{"start":{"line":84,"column":26},"end":{"line":84,"column":null}}],"line":82},"3":{"loc":{"start":{"line":97,"column":25},"end":{"line":105,"column":null}},"type":"binary-expr","locations":[{"start":{"line":97,"column":25},"end":{"line":97,"column":null}},{"start":{"line":98,"column":28},"end":{"line":105,"column":null}}],"line":97},"4":{"loc":{"start":{"line":132,"column":40},"end":{"line":134,"column":null}},"type":"cond-expr","locations":[{"start":{"line":133,"column":46},"end":{"line":133,"column":null}},{"start":{"line":134,"column":46},"end":{"line":134,"column":null}}],"line":132},"5":{"loc":{"start":{"line":135,"column":40},"end":{"line":136,"column":null}},"type":"binary-expr","locations":[{"start":{"line":135,"column":40},"end":{"line":135,"column":null}},{"start":{"line":136,"column":40},"end":{"line":136,"column":null}}],"line":135},"6":{"loc":{"start":{"line":145,"column":33},"end":{"line":148,"column":null}},"type":"binary-expr","locations":[{"start":{"line":145,"column":33},"end":{"line":145,"column":null}},{"start":{"line":146,"column":36},"end":{"line":148,"column":null}}],"line":145},"7":{"loc":{"start":{"line":159,"column":28},"end":{"line":160,"column":null}},"type":"binary-expr","locations":[{"start":{"line":159,"column":28},"end":{"line":159,"column":null}},{"start":{"line":160,"column":28},"end":{"line":160,"column":null}}],"line":159},"8":{"loc":{"start":{"line":163,"column":25},"end":{"line":169,"column":null}},"type":"cond-expr","locations":[{"start":{"line":164,"column":28},"end":{"line":166,"column":null}},{"start":{"line":166,"column":28},"end":{"line":169,"column":null}}],"line":163}},"s":{"0":1,"1":2,"2":2,"3":14,"4":14,"5":14},"f":{"0":2,"1":14,"2":14},"b":{"0":[2,0],"1":[0,2],"2":[0,2],"3":[2,2],"4":[2,12],"5":[14,0],"6":[14,14],"7":[2,0],"8":[0,2]},"meta":{"lastBranch":9,"lastFunction":3,"lastStatement":6,"seen":{"s:19:24:55:Infinity":0,"f:57:16:57:26":0,"s:63:8:63:14":1,"s:65:4:174:Infinity":2,"b:67:13:67:Infinity:68:16:76:13":0,"b:80:26:80:Infinity:81:26:81:Infinity":1,"b:83:26:83:Infinity:84:26:84:Infinity":2,"b:97:25:97:Infinity:98:28:105:Infinity":3,"f:121:37:121:42":1,"s:122:37:122:Infinity":3,"s:124:24:148:Infinity":4,"f:129:32:129:44":2,"s:130:36:137:Infinity":5,"b:133:46:133:Infinity:134:46:134:Infinity":4,"b:135:40:135:Infinity:136:40:136:Infinity":5,"b:145:33:145:Infinity:146:36:148:Infinity":6,"b:159:28:159:Infinity:160:28:160:Infinity":7,"b:164:28:166:Infinity:166:28:169:Infinity":8},"fnNames":{}}}
,"C:\\Users\\sreen\\IdeaProjects\\expensemate\\frontend\\src\\constants\\environment.js": {"path":"C:\\Users\\sreen\\IdeaProjects\\expensemate\\frontend\\src\\constants\\environment.js","statementMap":{"0":{"start":{"line":2,"column":4},"end":{"line":2,"column":null}},"1":{"start":{"line":5,"column":4},"end":{"line":5,"column":null}},"2":{"start":{"line":9,"column":4},"end":{"line":12,"column":null}},"3":{"start":{"line":15,"column":4},"end":{"line":15,"column":null}}},"fnMap":{"0":{"name":"removeTrailingSlash","decl":{"start":{"line":4,"column":9},"end":{"line":4,"column":29}},"loc":{"start":{"line":4,"column":36},"end":{"line":6,"column":null}},"line":4}},"branchMap":{"0":{"loc":{"start":{"line":10,"column":8},"end":{"line":11,"column":null}},"type":"binary-expr","locations":[{"start":{"line":10,"column":8},"end":{"line":10,"column":null}},{"start":{"line":11,"column":8},"end":{"line":11,"column":null}}],"line":10}},"s":{"0":1,"1":1,"2":1,"3":1},"f":{"0":1},"b":{"0":[1,0]},"meta":{"lastBranch":1,"lastFunction":1,"lastStatement":4,"seen":{"s:2:4:2:Infinity":0,"f:4:9:4:29":0,"s:5:4:5:Infinity":1,"s:9:4:12:Infinity":2,"b:10:8:10:Infinity:11:8:11:Infinity":0,"s:15:4:15:Infinity":3},"fnNames":{}}}
,"C:\\Users\\sreen\\IdeaProjects\\expensemate\\frontend\\src\\context\\UiContext.js": {"path":"C:\\Users\\sreen\\IdeaProjects\\expensemate\\frontend\\src\\context\\UiContext.js","statementMap":{"0":{"start":{"line":3,"column":25},"end":{"line":3,"column":null}}},"fnMap":{},"branchMap":{},"s":{"0":1},"f":{},"b":{},"meta":{"lastBranch":0,"lastFunction":0,"lastStatement":1,"seen":{"s:3:25:3:Infinity":0},"fnNames":{}}}
,"C:\\Users\\sreen\\IdeaProjects\\expensemate\\frontend\\src\\context\\UiProvider.jsx": {"path":"C:\\Users\\sreen\\IdeaProjects\\expensemate\\frontend\\src\\context\\UiProvider.jsx","statementMap":{"0":{"start":{"line":6,"column":46},"end":{"line":6,"column":null}},"1":{"start":{"line":8,"column":8},"end":{"line":8,"column":null}},"2":{"start":{"line":10,"column":18},"end":{"line":35,"column":null}},"3":{"start":{"line":11,"column":15},"end":{"line":30,"column":null}},"4":{"start":{"line":16,"column":16},"end":{"line":16,"column":null}},"5":{"start":{"line":20,"column":16},"end":{"line":20,"column":null}},"6":{"start":{"line":24,"column":16},"end":{"line":24,"column":null}},"7":{"start":{"line":24,"column":46},"end":{"line":24,"column":54}},"8":{"start":{"line":28,"column":16},"end":{"line":28,"column":null}},"9":{"start":{"line":28,"column":51},"end":{"line":28,"column":59}},"10":{"start":{"line":37,"column":4},"end":{"line":40,"column":null}}},"fnMap":{"0":{"name":"UiProvider","decl":{"start":{"line":5,"column":16},"end":{"line":5,"column":27}},"loc":{"start":{"line":5,"column":41},"end":{"line":42,"column":null}},"line":5},"1":{"name":"(anonymous_1)","decl":{"start":{"line":10,"column":18},"end":{"line":10,"column":null}},"loc":{"start":{"line":11,"column":15},"end":{"line":30,"column":null}},"line":11},"2":{"name":"(anonymous_2)","decl":{"start":{"line":15,"column":12},"end":{"line":15,"column":31}},"loc":{"start":{"line":15,"column":31},"end":{"line":17,"column":null}},"line":15},"3":{"name":"(anonymous_3)","decl":{"start":{"line":19,"column":12},"end":{"line":19,"column":32}},"loc":{"start":{"line":19,"column":32},"end":{"line":21,"column":null}},"line":19},"4":{"name":"(anonymous_4)","decl":{"start":{"line":23,"column":12},"end":{"line":23,"column":33}},"loc":{"start":{"line":23,"column":33},"end":{"line":25,"column":null}},"line":23},"5":{"name":"(anonymous_5)","decl":{"start":{"line":24,"column":16},"end":{"line":24,"column":34}},"loc":{"start":{"line":24,"column":46},"end":{"line":24,"column":54}},"line":24},"6":{"name":"(anonymous_6)","decl":{"start":{"line":27,"column":12},"end":{"line":27,"column":42}},"loc":{"start":{"line":27,"column":42},"end":{"line":29,"column":null}},"line":27},"7":{"name":"(anonymous_7)","decl":{"start":{"line":28,"column":16},"end":{"line":28,"column":39}},"loc":{"start":{"line":28,"column":51},"end":{"line":28,"column":59}},"line":28}},"branchMap":{},"s":{"0":2,"1":2,"2":2,"3":2,"4":0,"5":0,"6":0,"7":0,"8":0,"9":0,"10":2},"f":{"0":2,"1":2,"2":0,"3":0,"4":0,"5":0,"6":0,"7":0},"b":{},"meta":{"lastBranch":0,"lastFunction":8,"lastStatement":11,"seen":{"f:5:16:5:27":0,"s:6:46:6:Infinity":0,"s:8:8:8:Infinity":1,"s:10:18:35:Infinity":2,"f:10:18:10:Infinity":1,"s:11:15:30:Infinity":3,"f:15:12:15:31":2,"s:16:16:16:Infinity":4,"f:19:12:19:32":3,"s:20:16:20:Infinity":5,"f:23:12:23:33":4,"s:24:16:24:Infinity":6,"f:24:16:24:34":5,"s:24:46:24:54":7,"f:27:12:27:42":6,"s:28:16:28:Infinity":8,"f:28:16:28:39":7,"s:28:51:28:59":9,"s:37:4:40:Infinity":10},"fnNames":{}}}
,"C:\\Users\\sreen\\IdeaProjects\\expensemate\\frontend\\src\\features\\server-health\\serverHealth.js": {"path":"C:\\Users\\sreen\\IdeaProjects\\expensemate\\frontend\\src\\features\\server-health\\serverHealth.js","statementMap":{"0":{"start":{"line":1,"column":29},"end":{"line":6,"column":null}}},"fnMap":{},"branchMap":{},"s":{"0":1},"f":{},"b":{},"meta":{"lastBranch":0,"lastFunction":0,"lastStatement":1,"seen":{"s:1:29:6:Infinity":0},"fnNames":{}}}
,"C:\\Users\\sreen\\IdeaProjects\\expensemate\\frontend\\src\\features\\server-health\\useServerHealth.js": {"path":"C:\\Users\\sreen\\IdeaProjects\\expensemate\\frontend\\src\\features\\server-health\\useServerHealth.js","statementMap":{"0":{"start":{"line":11,"column":19},"end":{"line":11,"column":null}},"1":{"start":{"line":13,"column":27},"end":{"line":13,"column":null}},"2":{"start":{"line":14,"column":25},"end":{"line":14,"column":null}},"3":{"start":{"line":15,"column":29},"end":{"line":15,"column":null}},"4":{"start":{"line":18,"column":32},"end":{"line":20,"column":null}},"5":{"start":{"line":23,"column":8},"end":{"line":23,"column":null}},"6":{"start":{"line":25,"column":28},"end":{"line":25,"column":null}},"7":{"start":{"line":26,"column":25},"end":{"line":26,"column":null}},"8":{"start":{"line":28,"column":24},"end":{"line":112,"column":null}},"9":{"start":{"line":30,"column":12},"end":{"line":30,"column":null}},"10":{"start":{"line":33,"column":12},"end":{"line":38,"column":null}},"11":{"start":{"line":35,"column":20},"end":{"line":35,"column":null}},"12":{"start":{"line":40,"column":8},"end":{"line":111,"column":null}},"13":{"start":{"line":41,"column":29},"end":{"line":53,"column":null}},"14":{"start":{"line":55,"column":12},"end":{"line":59,"column":null}},"15":{"start":{"line":56,"column":16},"end":{"line":58,"column":null}},"16":{"start":{"line":62,"column":16},"end":{"line":62,"column":null}},"17":{"start":{"line":64,"column":12},"end":{"line":73,"column":null}},"18":{"start":{"line":70,"column":16},"end":{"line":72,"column":null}},"19":{"start":{"line":75,"column":12},"end":{"line":77,"column":null}},"20":{"start":{"line":76,"column":16},"end":{"line":76,"column":null}},"21":{"start":{"line":79,"column":12},"end":{"line":79,"column":null}},"22":{"start":{"line":81,"column":12},"end":{"line":83,"column":null}},"23":{"start":{"line":85,"column":12},"end":{"line":87,"column":null}},"24":{"start":{"line":86,"column":16},"end":{"line":86,"column":null}},"25":{"start":{"line":89,"column":12},"end":{"line":89,"column":null}},"26":{"start":{"line":91,"column":12},"end":{"line":102,"column":null}},"27":{"start":{"line":95,"column":16},"end":{"line":97,"column":null}},"28":{"start":{"line":99,"column":16},"end":{"line":101,"column":null}},"29":{"start":{"line":104,"column":12},"end":{"line":104,"column":null}},"30":{"start":{"line":106,"column":12},"end":{"line":110,"column":null}},"31":{"start":{"line":107,"column":16},"end":{"line":109,"column":null}},"32":{"start":{"line":114,"column":4},"end":{"line":149,"column":null}},"33":{"start":{"line":115,"column":8},"end":{"line":115,"column":null}},"34":{"start":{"line":123,"column":12},"end":{"line":128,"column":null}},"35":{"start":{"line":125,"column":20},"end":{"line":125,"column":null}},"36":{"start":{"line":131,"column":12},"end":{"line":136,"column":null}},"37":{"start":{"line":133,"column":20},"end":{"line":133,"column":null}},"38":{"start":{"line":138,"column":8},"end":{"line":148,"column":null}},"39":{"start":{"line":139,"column":12},"end":{"line":139,"column":null}},"40":{"start":{"line":141,"column":12},"end":{"line":143,"column":null}},"41":{"start":{"line":145,"column":12},"end":{"line":147,"column":null}},"42":{"start":{"line":151,"column":4},"end":{"line":155,"column":null}}},"fnMap":{"0":{"name":"useServerHealth","decl":{"start":{"line":17,"column":16},"end":{"line":17,"column":34}},"loc":{"start":{"line":17,"column":34},"end":{"line":156,"column":null}},"line":17},"1":{"name":"(anonymous_1)","decl":{"start":{"line":28,"column":36},"end":{"line":28,"column":48}},"loc":{"start":{"line":28,"column":48},"end":{"line":112,"column":7}},"line":28},"2":{"name":"(anonymous_2)","decl":{"start":{"line":33,"column":19},"end":{"line":33,"column":null}},"loc":{"start":{"line":34,"column":22},"end":{"line":36,"column":null}},"line":34},"3":{"name":"(anonymous_3)","decl":{"start":{"line":114,"column":4},"end":{"line":114,"column":20}},"loc":{"start":{"line":114,"column":20},"end":{"line":149,"column":7}},"line":114},"4":{"name":"(anonymous_4)","decl":{"start":{"line":123,"column":19},"end":{"line":123,"column":null}},"loc":{"start":{"line":124,"column":22},"end":{"line":126,"column":null}},"line":124},"5":{"name":"(anonymous_5)","decl":{"start":{"line":131,"column":19},"end":{"line":131,"column":null}},"loc":{"start":{"line":132,"column":22},"end":{"line":134,"column":null}},"line":132},"6":{"name":"(anonymous_6)","decl":{"start":{"line":138,"column":8},"end":{"line":138,"column":21}},"loc":{"start":{"line":138,"column":21},"end":{"line":148,"column":null}},"line":138}},"branchMap":{"0":{"loc":{"start":{"line":55,"column":12},"end":{"line":59,"column":null}},"type":"if","locations":[{"start":{"line":55,"column":12},"end":{"line":59,"column":null}},{"start":{},"end":{}}],"line":55},"1":{"loc":{"start":{"line":64,"column":12},"end":{"line":73,"column":null}},"type":"if","locations":[{"start":{"line":64,"column":12},"end":{"line":73,"column":null}},{"start":{},"end":{}}],"line":64},"2":{"loc":{"start":{"line":65,"column":16},"end":{"line":68,"column":null}},"type":"binary-expr","locations":[{"start":{"line":65,"column":16},"end":{"line":66,"column":null}},{"start":{"line":67,"column":16},"end":{"line":68,"column":null}}],"line":65},"3":{"loc":{"start":{"line":75,"column":12},"end":{"line":77,"column":null}},"type":"if","locations":[{"start":{"line":75,"column":12},"end":{"line":77,"column":null}},{"start":{},"end":{}}],"line":75},"4":{"loc":{"start":{"line":85,"column":12},"end":{"line":87,"column":null}},"type":"if","locations":[{"start":{"line":85,"column":12},"end":{"line":87,"column":null}},{"start":{},"end":{}}],"line":85},"5":{"loc":{"start":{"line":91,"column":12},"end":{"line":102,"column":null}},"type":"if","locations":[{"start":{"line":91,"column":12},"end":{"line":102,"column":null}},{"start":{"line":98,"column":19},"end":{"line":102,"column":null}}],"line":91},"6":{"loc":{"start":{"line":106,"column":12},"end":{"line":110,"column":null}},"type":"if","locations":[{"start":{"line":106,"column":12},"end":{"line":110,"column":null}},{"start":{},"end":{}}],"line":106}},"s":{"0":1,"1":1,"2":1,"3":1,"4":2,"5":2,"6":2,"7":2,"8":2,"9":1,"10":1,"11":0,"12":1,"13":1,"14":1,"15":0,"16":1,"17":1,"18":0,"19":1,"20":0,"21":1,"22":1,"23":0,"24":0,"25":0,"26":0,"27":0,"28":0,"29":1,"30":1,"31":1,"32":2,"33":1,"34":1,"35":1,"36":1,"37":0,"38":1,"39":0,"40":0,"41":0,"42":2},"f":{"0":2,"1":1,"2":0,"3":1,"4":1,"5":0,"6":0},"b":{"0":[0,1],"1":[0,1],"2":[1,1],"3":[0,1],"4":[0,0],"5":[0,0],"6":[1,0]},"meta":{"lastBranch":7,"lastFunction":7,"lastStatement":43,"seen":{"s:11:19:11:Infinity":0,"s:13:27:13:Infinity":1,"s:14:25:14:Infinity":2,"s:15:29:15:Infinity":3,"f:17:16:17:34":0,"s:18:32:20:Infinity":4,"s:23:8:23:Infinity":5,"s:25:28:25:Infinity":6,"s:26:25:26:Infinity":7,"s:28:24:112:Infinity":8,"f:28:36:28:48":1,"s:30:12:30:Infinity":9,"s:33:12:38:Infinity":10,"f:33:19:33:Infinity":2,"s:35:20:35:Infinity":11,"s:40:8:111:Infinity":12,"s:41:29:53:Infinity":13,"b:55:12:59:Infinity:undefined:undefined:undefined:undefined":0,"s:55:12:59:Infinity":14,"s:56:16:58:Infinity":15,"s:62:16:62:Infinity":16,"b:64:12:73:Infinity:undefined:undefined:undefined:undefined":1,"s:64:12:73:Infinity":17,"b:65:16:66:Infinity:67:16:68:Infinity":2,"s:70:16:72:Infinity":18,"b:75:12:77:Infinity:undefined:undefined:undefined:undefined":3,"s:75:12:77:Infinity":19,"s:76:16:76:Infinity":20,"s:79:12:79:Infinity":21,"s:81:12:83:Infinity":22,"b:85:12:87:Infinity:undefined:undefined:undefined:undefined":4,"s:85:12:87:Infinity":23,"s:86:16:86:Infinity":24,"s:89:12:89:Infinity":25,"b:91:12:102:Infinity:98:19:102:Infinity":5,"s:91:12:102:Infinity":26,"s:95:16:97:Infinity":27,"s:99:16:101:Infinity":28,"s:104:12:104:Infinity":29,"b:106:12:110:Infinity:undefined:undefined:undefined:undefined":6,"s:106:12:110:Infinity":30,"s:107:16:109:Infinity":31,"s:114:4:149:Infinity":32,"f:114:4:114:20":3,"s:115:8:115:Infinity":33,"s:123:12:128:Infinity":34,"f:123:19:123:Infinity":4,"s:125:20:125:Infinity":35,"s:131:12:136:Infinity":36,"f:131:19:131:Infinity":5,"s:133:20:133:Infinity":37,"s:138:8:148:Infinity":38,"f:138:8:138:21":6,"s:139:12:139:Infinity":39,"s:141:12:143:Infinity":40,"s:145:12:147:Infinity":41,"s:151:4:155:Infinity":42},"fnNames":{}}}
,"C:\\Users\\sreen\\IdeaProjects\\expensemate\\frontend\\src\\hooks\\useUi.js": {"path":"C:\\Users\\sreen\\IdeaProjects\\expensemate\\frontend\\src\\hooks\\useUi.js","statementMap":{"0":{"start":{"line":6,"column":20},"end":{"line":6,"column":null}},"1":{"start":{"line":8,"column":4},"end":{"line":12,"column":null}},"2":{"start":{"line":9,"column":8},"end":{"line":11,"column":null}},"3":{"start":{"line":14,"column":4},"end":{"line":14,"column":null}}},"fnMap":{"0":{"name":"useUi","decl":{"start":{"line":5,"column":16},"end":{"line":5,"column":24}},"loc":{"start":{"line":5,"column":24},"end":{"line":15,"column":null}},"line":5}},"branchMap":{"0":{"loc":{"start":{"line":8,"column":4},"end":{"line":12,"column":null}},"type":"if","locations":[{"start":{"line":8,"column":4},"end":{"line":12,"column":null}},{"start":{},"end":{}}],"line":8}},"s":{"0":6,"1":6,"2":0,"3":6},"f":{"0":6},"b":{"0":[0,6]},"meta":{"lastBranch":1,"lastFunction":1,"lastStatement":4,"seen":{"f:5:16:5:24":0,"s:6:20:6:Infinity":0,"b:8:4:12:Infinity:undefined:undefined:undefined:undefined":0,"s:8:4:12:Infinity":1,"s:9:8:11:Infinity":2,"s:14:4:14:Infinity":3},"fnNames":{}}}
,"C:\\Users\\sreen\\IdeaProjects\\expensemate\\frontend\\src\\lib\\queryClient.js": {"path":"C:\\Users\\sreen\\IdeaProjects\\expensemate\\frontend\\src\\lib\\queryClient.js","statementMap":{"0":{"start":{"line":4,"column":19},"end":{"line":4,"column":null}},"1":{"start":{"line":6,"column":4},"end":{"line":15,"column":null}},"2":{"start":{"line":14,"column":8},"end":{"line":14,"column":null}},"3":{"start":{"line":17,"column":4},"end":{"line":17,"column":null}},"4":{"start":{"line":20,"column":27},"end":{"line":36,"column":null}},"5":{"start":{"line":27,"column":16},"end":{"line":27,"column":null}}},"fnMap":{"0":{"name":"shouldRetry","decl":{"start":{"line":3,"column":9},"end":{"line":3,"column":21}},"loc":{"start":{"line":3,"column":42},"end":{"line":18,"column":null}},"line":3},"1":{"name":"(anonymous_1)","decl":{"start":{"line":26,"column":12},"end":{"line":26,"column":25}},"loc":{"start":{"line":27,"column":16},"end":{"line":27,"column":null}},"line":27}},"branchMap":{"0":{"loc":{"start":{"line":6,"column":4},"end":{"line":15,"column":null}},"type":"if","locations":[{"start":{"line":6,"column":4},"end":{"line":15,"column":null}},{"start":{},"end":{}}],"line":6},"1":{"loc":{"start":{"line":7,"column":8},"end":{"line":12,"column":null}},"type":"binary-expr","locations":[{"start":{"line":7,"column":8},"end":{"line":7,"column":null}},{"start":{"line":8,"column":8},"end":{"line":8,"column":null}},{"start":{"line":9,"column":8},"end":{"line":9,"column":null}},{"start":{"line":10,"column":8},"end":{"line":10,"column":null}},{"start":{"line":11,"column":8},"end":{"line":11,"column":null}},{"start":{"line":12,"column":8},"end":{"line":12,"column":null}}],"line":7}},"s":{"0":0,"1":0,"2":0,"3":0,"4":1,"5":0},"f":{"0":0,"1":0},"b":{"0":[0,0],"1":[0,0,0,0,0,0]},"meta":{"lastBranch":2,"lastFunction":2,"lastStatement":6,"seen":{"f:3:9:3:21":0,"s:4:19:4:Infinity":0,"b:6:4:15:Infinity:undefined:undefined:undefined:undefined":0,"s:6:4:15:Infinity":1,"b:7:8:7:Infinity:8:8:8:Infinity:9:8:9:Infinity:10:8:10:Infinity:11:8:11:Infinity:12:8:12:Infinity":1,"s:14:8:14:Infinity":2,"s:17:4:17:Infinity":3,"s:20:27:36:Infinity":4,"f:26:12:26:25":1,"s:27:16:27:Infinity":5},"fnNames":{}}}
,"C:\\Users\\sreen\\IdeaProjects\\expensemate\\frontend\\src\\pages\\ComingSoonPage.jsx": {"path":"C:\\Users\\sreen\\IdeaProjects\\expensemate\\frontend\\src\\pages\\ComingSoonPage.jsx","statementMap":{"0":{"start":{"line":5,"column":21},"end":{"line":5,"column":33}},"1":{"start":{"line":8,"column":8},"end":{"line":13,"column":null}},"2":{"start":{"line":15,"column":4},"end":{"line":30,"column":null}}},"fnMap":{"0":{"name":"ComingSoonPage","decl":{"start":{"line":4,"column":9},"end":{"line":4,"column":26}},"loc":{"start":{"line":4,"column":26},"end":{"line":32,"column":null}},"line":4}},"branchMap":{"0":{"loc":{"start":{"line":8,"column":8},"end":{"line":13,"column":null}},"type":"binary-expr","locations":[{"start":{"line":8,"column":8},"end":{"line":12,"column":null}},{"start":{"line":13,"column":8},"end":{"line":13,"column":null}}],"line":8}},"s":{"0":0,"1":0,"2":0},"f":{"0":0},"b":{"0":[0,0]},"meta":{"lastBranch":1,"lastFunction":1,"lastStatement":3,"seen":{"f:4:9:4:26":0,"s:5:21:5:33":0,"s:8:8:13:Infinity":1,"b:8:8:12:Infinity:13:8:13:Infinity":0,"s:15:4:30:Infinity":2},"fnNames":{}}}
,"C:\\Users\\sreen\\IdeaProjects\\expensemate\\frontend\\src\\pages\\DashboardPage.jsx": {"path":"C:\\Users\\sreen\\IdeaProjects\\expensemate\\frontend\\src\\pages\\DashboardPage.jsx","statementMap":{"0":{"start":{"line":9,"column":21},"end":{"line":34,"column":null}},"1":{"start":{"line":37,"column":4},"end":{"line":153,"column":null}},"2":{"start":{"line":65,"column":33},"end":{"line":65,"column":null}},"3":{"start":{"line":67,"column":20},"end":{"line":98,"column":null}}},"fnMap":{"0":{"name":"DashboardPage","decl":{"start":{"line":36,"column":9},"end":{"line":36,"column":25}},"loc":{"start":{"line":36,"column":25},"end":{"line":155,"column":null}},"line":36},"1":{"name":"(anonymous_1)","decl":{"start":{"line":64,"column":30},"end":{"line":64,"column":35}},"loc":{"start":{"line":64,"column":44},"end":{"line":100,"column":17}},"line":64}},"branchMap":{},"s":{"0":1,"1":1,"2":3,"3":3},"f":{"0":1,"1":3},"b":{},"meta":{"lastBranch":0,"lastFunction":2,"lastStatement":4,"seen":{"s:9:21:34:Infinity":0,"f:36:9:36:25":0,"s:37:4:153:Infinity":1,"f:64:30:64:35":1,"s:65:33:65:Infinity":2,"s:67:20:98:Infinity":3},"fnNames":{}}}
,"C:\\Users\\sreen\\IdeaProjects\\expensemate\\frontend\\src\\pages\\HomePage.jsx": {"path":"C:\\Users\\sreen\\IdeaProjects\\expensemate\\frontend\\src\\pages\\HomePage.jsx","statementMap":{"0":{"start":{"line":11,"column":17},"end":{"line":30,"column":null}},"1":{"start":{"line":33,"column":4},"end":{"line":250,"column":null}},"2":{"start":{"line":127,"column":36},"end":{"line":139,"column":null}},"3":{"start":{"line":176,"column":57},"end":{"line":176,"column":null}},"4":{"start":{"line":179,"column":48},"end":{"line":179,"column":null}},"5":{"start":{"line":181,"column":44},"end":{"line":184,"column":null}},"6":{"start":{"line":182,"column":48},"end":{"line":183,"column":null}},"7":{"start":{"line":186,"column":44},"end":{"line":189,"column":null}},"8":{"start":{"line":187,"column":48},"end":{"line":188,"column":null}},"9":{"start":{"line":191,"column":44},"end":{"line":213,"column":null}}},"fnMap":{"0":{"name":"App","decl":{"start":{"line":32,"column":9},"end":{"line":32,"column":15}},"loc":{"start":{"line":32,"column":15},"end":{"line":252,"column":null}},"line":32},"1":{"name":"(anonymous_1)","decl":{"start":{"line":126,"column":34},"end":{"line":126,"column":39}},"loc":{"start":{"line":127,"column":36},"end":{"line":139,"column":null}},"line":127},"2":{"name":"(anonymous_2)","decl":{"start":{"line":174,"column":46},"end":{"line":174,"column":null}},"loc":{"start":{"line":175,"column":60},"end":{"line":215,"column":null}},"line":175}},"branchMap":{"0":{"loc":{"start":{"line":181,"column":44},"end":{"line":184,"column":null}},"type":"if","locations":[{"start":{"line":181,"column":44},"end":{"line":184,"column":null}},{"start":{},"end":{}}],"line":181},"1":{"loc":{"start":{"line":186,"column":44},"end":{"line":189,"column":null}},"type":"if","locations":[{"start":{"line":186,"column":44},"end":{"line":189,"column":null}},{"start":{},"end":{}}],"line":186}},"s":{"0":1,"1":1,"2":3,"3":3,"4":3,"5":3,"6":1,"7":3,"8":1,"9":3},"f":{"0":1,"1":3,"2":3},"b":{"0":[1,2],"1":[1,2]},"meta":{"lastBranch":2,"lastFunction":3,"lastStatement":10,"seen":{"s:11:17:30:Infinity":0,"f:32:9:32:15":0,"s:33:4:250:Infinity":1,"f:126:34:126:39":1,"s:127:36:139:Infinity":2,"f:174:46:174:Infinity":2,"s:176:57:176:Infinity":3,"s:179:48:179:Infinity":4,"b:181:44:184:Infinity:undefined:undefined:undefined:undefined":0,"s:181:44:184:Infinity":5,"s:182:48:183:Infinity":6,"b:186:44:189:Infinity:undefined:undefined:undefined:undefined":1,"s:186:44:189:Infinity":7,"s:187:48:188:Infinity":8,"s:191:44:213:Infinity":9},"fnNames":{}}}
,"C:\\Users\\sreen\\IdeaProjects\\expensemate\\frontend\\src\\pages\\NotFoundPage.jsx": {"path":"C:\\Users\\sreen\\IdeaProjects\\expensemate\\frontend\\src\\pages\\NotFoundPage.jsx","statementMap":{"0":{"start":{"line":5,"column":4},"end":{"line":32,"column":null}}},"fnMap":{"0":{"name":"NotFoundPage","decl":{"start":{"line":4,"column":9},"end":{"line":4,"column":24}},"loc":{"start":{"line":4,"column":24},"end":{"line":34,"column":null}},"line":4}},"branchMap":{},"s":{"0":0},"f":{"0":0},"b":{},"meta":{"lastBranch":0,"lastFunction":1,"lastStatement":1,"seen":{"f:4:9:4:24":0,"s:5:4:32:Infinity":0},"fnNames":{}}}
,"C:\\Users\\sreen\\IdeaProjects\\expensemate\\frontend\\src\\providers\\AppProviders.jsx": {"path":"C:\\Users\\sreen\\IdeaProjects\\expensemate\\frontend\\src\\providers\\AppProviders.jsx","statementMap":{"0":{"start":{"line":10,"column":4},"end":{"line":25,"column":null}}},"fnMap":{"0":{"name":"AppProviders","decl":{"start":{"line":9,"column":16},"end":{"line":9,"column":29}},"loc":{"start":{"line":9,"column":43},"end":{"line":27,"column":null}},"line":9}},"branchMap":{},"s":{"0":2},"f":{"0":2},"b":{},"meta":{"lastBranch":0,"lastFunction":1,"lastStatement":1,"seen":{"f:9:16:9:29":0,"s:10:4:25:Infinity":0},"fnNames":{}}}
,"C:\\Users\\sreen\\IdeaProjects\\expensemate\\frontend\\src\\utils\\cn.js": {"path":"C:\\Users\\sreen\\IdeaProjects\\expensemate\\frontend\\src\\utils\\cn.js","statementMap":{"0":{"start":{"line":5,"column":4},"end":{"line":7,"column":null}}},"fnMap":{"0":{"name":"cn","decl":{"start":{"line":4,"column":16},"end":{"line":4,"column":19}},"loc":{"start":{"line":4,"column":30},"end":{"line":8,"column":null}},"line":4}},"branchMap":{},"s":{"0":32},"f":{"0":32},"b":{},"meta":{"lastBranch":0,"lastFunction":1,"lastStatement":1,"seen":{"f:4:16:4:19":0,"s:5:4:7:Infinity":0},"fnNames":{}}}
}
